[debug] [2020-03-28T12:38:13.768Z] ----------------------------------------------------------------------
[debug] [2020-03-28T12:38:13.769Z] Command:       /usr/local/lib/node_modules/firebase-tools/lib/bin/firebase.js /Users/i309795/.cache/firebase/tools/lib/node_modules/firebase-tools/lib/bin/firebase deploy --only functions:organizationInitialize:userInitialize
[debug] [2020-03-28T12:38:13.769Z] CLI Version:   7.16.1
[debug] [2020-03-28T12:38:13.769Z] Platform:      darwin
[debug] [2020-03-28T12:38:13.769Z] Node Version:  v12.13.1
[debug] [2020-03-28T12:38:13.770Z] Time:          Sat Mar 28 2020 18:08:13 GMT+0530 (India Standard Time)
[debug] [2020-03-28T12:38:13.770Z] ----------------------------------------------------------------------
[debug] [2020-03-28T12:38:13.770Z] 
[debug] [2020-03-28T12:38:13.776Z] > command requires scopes: ["email","openid","https://www.googleapis.com/auth/cloudplatformprojects.readonly","https://www.googleapis.com/auth/firebase","https://www.googleapis.com/auth/cloud-platform"]
[debug] [2020-03-28T12:38:13.776Z] > authorizing via signed-in user
[debug] [2020-03-28T12:38:13.776Z] [iam] checking project timetracker-9d0b4 for permissions ["cloudfunctions.functions.create","cloudfunctions.functions.delete","cloudfunctions.functions.get","cloudfunctions.functions.list","cloudfunctions.functions.update","cloudfunctions.operations.get","firebase.projects.get"]
[debug] [2020-03-28T12:38:13.778Z] >>> HTTP REQUEST POST https://cloudresourcemanager.googleapis.com/v1/projects/timetracker-9d0b4:testIamPermissions  

[debug] [2020-03-28T12:38:15.218Z] <<< HTTP RESPONSE 200
[info] 
[info] === Deploying to 'timetracker-9d0b4'...
[info] 
[info] i  deploying functions
[info] Running command: npm --prefix "$RESOURCE_DIR" run lint
[info] Running command: npm --prefix "$RESOURCE_DIR" run build
[info] ✔  functions: Finished running predeploy script.
[debug] [2020-03-28T12:38:22.257Z] > [functions] package.json contents: {
  "name": "functions",
  "scripts": {
    "lint": "tslint --project tsconfig.json",
    "build": "tsc",
    "serve": "npm run build && firebase emulators:start --only functions",
    "shell": "npm run build && firebase functions:shell",
    "start": "npm run shell",
    "deploy": "firebase deploy --only functions",
    "logs": "firebase functions:log"
  },
  "engines": {
    "node": "8"
  },
  "main": "lib/index.js",
  "dependencies": {
    "firebase-admin": "^8.6.0",
    "firebase-functions": "^3.3.0",
    "otp-generator": "^1.1.0"
  },
  "devDependencies": {
    "firebase-functions-test": "^0.1.6",
    "tslint": "^5.12.0",
    "typescript": "^3.8.3"
  },
  "private": true
}
[info] i  functions: ensuring necessary APIs are enabled...
[debug] [2020-03-28T12:38:22.259Z] >>> HTTP REQUEST GET https://serviceusage.googleapis.com/v1/projects/timetracker-9d0b4/services/cloudfunctions.googleapis.com  
 
[debug] [2020-03-28T12:38:22.259Z] >>> HTTP REQUEST GET https://serviceusage.googleapis.com/v1/projects/timetracker-9d0b4/services/runtimeconfig.googleapis.com  
 
[debug] [2020-03-28T12:38:23.949Z] <<< HTTP RESPONSE 200
[debug] [2020-03-28T12:38:23.961Z] <<< HTTP RESPONSE 200
[info] ✔  functions: all necessary APIs are enabled
[debug] [2020-03-28T12:38:23.962Z] >>> HTTP REQUEST GET https://firebase.googleapis.com/v1beta1/projects/timetracker-9d0b4/adminSdkConfig  
 
[debug] [2020-03-28T12:38:24.405Z] <<< HTTP RESPONSE 200
[info] i  functions: preparing functions directory for uploading...
[debug] [2020-03-28T12:38:24.408Z] >>> HTTP REQUEST GET https://runtimeconfig.googleapis.com/v1beta1/projects/timetracker-9d0b4/configs  
 
[debug] [2020-03-28T12:38:24.823Z] <<< HTTP RESPONSE 200
[info] i  functions: packaged functions (456.73 KB) for uploading
[debug] [2020-03-28T12:38:25.206Z] >>> HTTP REQUEST POST https://cloudfunctions.googleapis.com/v1/projects/timetracker-9d0b4/locations/us-central1/functions:generateUploadUrl  
 
[debug] [2020-03-28T12:38:25.916Z] <<< HTTP RESPONSE 200
[debug] [2020-03-28T12:38:25.917Z] >>> HTTP REQUEST PUT https://storage.googleapis.com/gcf-upload-us-central1-c46e44c3-b262-40ba-b234-5ca00781267e/6ca87df3-c149-420b-af9a-b10980f534a0.zip?GoogleAccessId=service-960286188018@gcf-admin-robot.iam.gserviceaccount.com&Expires=1585400904&Signature=ygmlxWYlQPKXuTfMD63yUm0a8%2FiD16%2Bxr99yfFPaVpR%2BbEIVistorJeDypOLUDJAqlnOmA4v5kGz%2BzZ6yG9FBTkr%2Bs5jRGbsHnNQp7EHkPFTMrOQlYOcDc9ENjGJ88Mu%2FUtK8ic01c5Kt%2FcrRqVkdTUJeIxvs0ZeWy7E8Tkje7e%2FtMg8AWROHkIxWarRO9Da88LgsOGxPWSqnbtFWsG0WF0PMZzk4QKnApIhh4La%2Fbzfz1aKlQ4N1m7I8TRvzW3sA6IsiJiPApaVYPkPhxrETuxGUvumy6QPR1FwOLn8oUE7GXgEZOEoK5lP4BmUM%2BAmfbXjV8UTe9RNGDUGzfGlYA%3D%3D  
 <request body omitted>
[debug] [2020-03-28T12:38:27.007Z] <<< HTTP RESPONSE 200
[info] ✔  functions: functions folder uploaded successfully
[debug] [2020-03-28T12:38:27.010Z] >>> HTTP REQUEST GET https://cloudfunctions.googleapis.com/v1/projects/timetracker-9d0b4/locations/-/functions  
 
[debug] [2020-03-28T12:38:27.785Z] <<< HTTP RESPONSE 200
[debug] [2020-03-28T12:38:27.787Z] > [functions] filtering triggers to: [
  "projects/timetracker-9d0b4/locations/us-central1/functions/organizationInitialize"
]
[info] i  functions: current functions in project: addMessage(us-central1), helloWorld(us-central1), organizationInitialize(us-central1), sendWelcomeEmail(us-central1), userInitialize(us-central1)
[info] i  functions: uploading functions in project: organizationInitialize(us-central1)
[info] i  functions: updating Node.js 8 function organizationInitialize(us-central1)...
[debug] [2020-03-28T12:38:27.789Z] Trigger is:  {"eventTrigger":{"resource":"projects/timetracker-9d0b4/databases/(default)/documents/organizations/{oraganizationId}","eventType":"providers/cloud.firestore/eventTypes/document.write","service":"firestore.googleapis.com"}}
[debug] [2020-03-28T12:38:27.790Z] >>> HTTP REQUEST GET https://serviceusage.googleapis.com/v1/projects/timetracker-9d0b4/services/cloudscheduler.googleapis.com  
 
[debug] [2020-03-28T12:38:29.463Z] <<< HTTP RESPONSE 200
[debug] [2020-03-28T12:38:29.465Z] >>> HTTP REQUEST PATCH https://cloudfunctions.googleapis.com/v1/projects/timetracker-9d0b4/locations/us-central1/functions/organizationInitialize {"updateMask":"sourceUploadUrl,name,labels,runtime,eventTrigger.resource,eventTrigger.eventType,eventTrigger.service"} 

[debug] [2020-03-28T12:38:30.271Z] <<< HTTP RESPONSE 200
[debug] [2020-03-28T12:38:30.273Z] >>> HTTP REQUEST GET https://cloudfunctions.googleapis.com/v1/operations/dGltZXRyYWNrZXItOWQwYjQvdXMtY2VudHJhbDEvb3JnYW5pemF0aW9uSW5pdGlhbGl6ZS9CQUI1S0I3ekN1Yw  
 
[debug] [2020-03-28T12:38:30.948Z] <<< HTTP RESPONSE 200
[debug] [2020-03-28T12:38:32.951Z] >>> HTTP REQUEST GET https://cloudfunctions.googleapis.com/v1/operations/dGltZXRyYWNrZXItOWQwYjQvdXMtY2VudHJhbDEvb3JnYW5pemF0aW9uSW5pdGlhbGl6ZS9CQUI1S0I3ekN1Yw  
 
[debug] [2020-03-28T12:38:33.630Z] <<< HTTP RESPONSE 200
[debug] [2020-03-28T12:38:35.633Z] >>> HTTP REQUEST GET https://cloudfunctions.googleapis.com/v1/operations/dGltZXRyYWNrZXItOWQwYjQvdXMtY2VudHJhbDEvb3JnYW5pemF0aW9uSW5pdGlhbGl6ZS9CQUI1S0I3ekN1Yw  
 
[debug] [2020-03-28T12:38:36.006Z] <<< HTTP RESPONSE 200
[debug] [2020-03-28T12:38:38.008Z] >>> HTTP REQUEST GET https://cloudfunctions.googleapis.com/v1/operations/dGltZXRyYWNrZXItOWQwYjQvdXMtY2VudHJhbDEvb3JnYW5pemF0aW9uSW5pdGlhbGl6ZS9CQUI1S0I3ekN1Yw  
 
[debug] [2020-03-28T12:38:38.660Z] <<< HTTP RESPONSE 200
[debug] [2020-03-28T12:38:40.662Z] >>> HTTP REQUEST GET https://cloudfunctions.googleapis.com/v1/operations/dGltZXRyYWNrZXItOWQwYjQvdXMtY2VudHJhbDEvb3JnYW5pemF0aW9uSW5pdGlhbGl6ZS9CQUI1S0I3ekN1Yw  
 
[debug] [2020-03-28T12:38:41.136Z] <<< HTTP RESPONSE 200
[debug] [2020-03-28T12:38:43.138Z] >>> HTTP REQUEST GET https://cloudfunctions.googleapis.com/v1/operations/dGltZXRyYWNrZXItOWQwYjQvdXMtY2VudHJhbDEvb3JnYW5pemF0aW9uSW5pdGlhbGl6ZS9CQUI1S0I3ekN1Yw  
 
[debug] [2020-03-28T12:38:43.506Z] <<< HTTP RESPONSE 200
[debug] [2020-03-28T12:38:45.506Z] >>> HTTP REQUEST GET https://cloudfunctions.googleapis.com/v1/operations/dGltZXRyYWNrZXItOWQwYjQvdXMtY2VudHJhbDEvb3JnYW5pemF0aW9uSW5pdGlhbGl6ZS9CQUI1S0I3ekN1Yw  
 
[debug] [2020-03-28T12:38:45.867Z] <<< HTTP RESPONSE 200
[debug] [2020-03-28T12:38:47.870Z] >>> HTTP REQUEST GET https://cloudfunctions.googleapis.com/v1/operations/dGltZXRyYWNrZXItOWQwYjQvdXMtY2VudHJhbDEvb3JnYW5pemF0aW9uSW5pdGlhbGl6ZS9CQUI1S0I3ekN1Yw  
 
[debug] [2020-03-28T12:38:48.217Z] <<< HTTP RESPONSE 200
[debug] [2020-03-28T12:38:50.221Z] >>> HTTP REQUEST GET https://cloudfunctions.googleapis.com/v1/operations/dGltZXRyYWNrZXItOWQwYjQvdXMtY2VudHJhbDEvb3JnYW5pemF0aW9uSW5pdGlhbGl6ZS9CQUI1S0I3ekN1Yw  
 
