[debug] [2020-03-21T13:10:37.915Z] ----------------------------------------------------------------------
[debug] [2020-03-21T13:10:37.916Z] Command:       /usr/local/lib/node_modules/firebase-tools/lib/bin/firebase.js /Users/i309795/.cache/firebase/tools/lib/node_modules/firebase-tools/lib/bin/firebase emulators:start
[debug] [2020-03-21T13:10:37.916Z] CLI Version:   7.15.1
[debug] [2020-03-21T13:10:37.916Z] Platform:      darwin
[debug] [2020-03-21T13:10:37.916Z] Node Version:  v12.13.1
[debug] [2020-03-21T13:10:37.917Z] Time:          Sat Mar 21 2020 18:40:37 GMT+0530 (India Standard Time)
[debug] [2020-03-21T13:10:37.917Z] ----------------------------------------------------------------------
[debug] [2020-03-21T13:10:37.917Z] 
[debug] [2020-03-21T13:10:37.924Z] > command requires scopes: ["email","openid","https://www.googleapis.com/auth/cloudplatformprojects.readonly","https://www.googleapis.com/auth/firebase","https://www.googleapis.com/auth/cloud-platform"]
[debug] [2020-03-21T13:10:37.924Z] > authorizing via signed-in user
[info] i  emulators: Starting emulators: functions, firestore, database, hosting
[debug] [2020-03-21T13:10:37.946Z] [hub] writing locator at /var/folders/5p/_czfkypd657bcsxdyjft0vjw0000gn/T/hub-timetracker-9d0b4.json
[info] ✔  hub: emulator hub started at http://localhost:4400
[warn] ⚠  Your requested "node" version "8" doesn't match your global version "12"
[info] ✔  functions: functions emulator started at http://localhost:5001
[info] i  firestore: Serving ALL traffic (including WebChannel) on http://localhost:8080
[warn] ⚠  firestore: Support for WebChannel on a separate port (8081) is DEPRECATED and will go away soon. Please use port above instead.
[debug] [2020-03-21T13:10:38.229Z] Ignoring unsupported arg: projectId
[debug] [2020-03-21T13:10:38.229Z] Ignoring unsupported arg: auto_download
[debug] [2020-03-21T13:10:38.229Z] Starting firestore emulator with command {"binary":"java","args":["-Duser.language=en","-jar","/Users/i309795/.cache/firebase/emulators/cloud-firestore-emulator-v1.11.1.jar","--host","localhost","--port",8080,"--rules","/Users/i309795/Documents/GitHub/time_tracker_flutter_course/firestore.rules","--functions_emulator","localhost:5001","--webchannel_port",8081],"optionalArgs":["port","webchannel_port","host","rules","functions_emulator","seed_from_export"],"joinArgs":false}
[info] i  firestore: firestore emulator logging to firestore-debug.log
[debug] [2020-03-21T13:10:39.455Z] API endpoint: http://localhost:
[debug] [2020-03-21T13:10:39.456Z] 8080
If you are using a library that supports the FIRESTORE_EMULATOR_HOST environment variable, run:

   export FIRESTORE_EMULATOR_HOST=localhost:8080

Dev App Server is now running.


[info] ✔  firestore: firestore emulator started at http://localhost:8080
[info] i  firestore: For testing set FIRESTORE_EMULATOR_HOST=localhost:8080
[warn] ⚠  database: Did not find a Realtime Database rules file specified in a firebase.json config file.
[warn] ⚠  database: The emulator will default to allowing all reads and writes. Learn more about this option: https://firebase.google.com/docs/emulator-suite/install_and_configure#security_rules_configuration.
[debug] [2020-03-21T13:10:39.513Z] Ignoring unsupported arg: projectId
[debug] [2020-03-21T13:10:39.513Z] Ignoring unsupported arg: auto_download
[debug] [2020-03-21T13:10:39.514Z] Starting database emulator with command {"binary":"java","args":["-Duser.language=en","-jar","/Users/i309795/.cache/firebase/emulators/firebase-database-emulator-v4.4.0.jar","--host","localhost","--port",9000,"--functions_emulator_host","localhost","--functions_emulator_port",5001],"optionalArgs":["port","host","functions_emulator_port","functions_emulator_host"],"joinArgs":false}
[info] i  database: database emulator logging to database-debug.log
[debug] [2020-03-21T13:10:40.369Z] WARNING: An illegal reflective access operation has occurred
WARNING: Illegal reflective access by io.netty.util.internal.ReflectionUtil (file:/Users/i309795/.cache/firebase/emulators/firebase-database-emulator-v4.4.0.jar) to field sun.nio.ch.SelectorImpl.selectedKeys
WARNING: Please consider reporting this to the maintainers of io.netty.util.internal.ReflectionUtil
WARNING: Use --illegal-access=warn to enable warnings of further illegal reflective access operations
WARNING: All illegal access operations will be denied in a future release

[debug] [2020-03-21T13:10:41.300Z] 18:40:41.298 [NamespaceSystem-akka.actor.default-dispatcher-4] INFO akka.event.slf4j.Slf4jLogger - Slf4jLogger started

[debug] [2020-03-21T13:10:41.505Z] 18:40:41.504 [main] INFO com.firebase.server.forge.App$ - Listening at localhost:9000

[info] ✔  database: database emulator started at http://localhost:9000
[info] i  database: For testing set FIREBASE_DATABASE_EMULATOR_HOST=localhost:9000
[debug] [2020-03-21T13:10:41.807Z] >>> HTTP REQUEST GET https://firebase.googleapis.com/v1beta1/projects/timetracker-9d0b4/webApps/-/config  
 
[debug] [2020-03-21T13:10:42.854Z] <<< HTTP RESPONSE 200
[info] i  hosting: Serving hosting files from: public
[info] ✔  hosting: Local server: http://localhost:5000
[info] ✔  hosting: hosting emulator started at http://localhost:5000
[info] i  functions: Watching "/Users/i309795/Documents/GitHub/time_tracker_flutter_course/functions" for Cloud Functions...
[debug] [2020-03-21T13:10:43.141Z] [worker-pool] addWorker(~diagnostic~)
[debug] [2020-03-21T13:10:43.141Z] [worker-pool] Adding worker with key ~diagnostic~, total=1
[debug] [2020-03-21T13:10:43.141Z] [worker-pool] submitWork(triggerId=)
[debug] [2020-03-21T13:10:43.142Z] [worker-~diagnostic~-56bc1949-f063-4508-9b62-1553e94f6063]: Assigning socketPath: /var/folders/5p/_czfkypd657bcsxdyjft0vjw0000gn/T/fire_emu_15087.sock
[debug] [2020-03-21T13:10:43.142Z] [worker-~diagnostic~-56bc1949-f063-4508-9b62-1553e94f6063]: BUSY
[debug] [2020-03-21T13:10:43.539Z] [runtime-status] [15087] Functions runtime initialized. {"cwd":"/Users/i309795/Documents/GitHub/time_tracker_flutter_course/functions","node_version":"12.13.1"}
[debug] [2020-03-21T13:10:43.540Z] [runtime-status] [15087] Disabled runtime features: undefined
[debug] [2020-03-21T13:10:43.542Z] [runtime-status] [15087] Resolved module firebase-admin {"declared":true,"installed":true,"version":"8.10.0","resolution":"/Users/i309795/Documents/GitHub/time_tracker_flutter_course/functions/node_modules/firebase-admin/lib/index.js"}
[debug] [2020-03-21T13:10:43.543Z] [runtime-status] [15087] Resolved module firebase-functions {"declared":true,"installed":true,"version":"3.3.0","resolution":"/Users/i309795/Documents/GitHub/time_tracker_flutter_course/functions/node_modules/firebase-functions/lib/index.js"}
[debug] [2020-03-21T13:10:43.790Z] [runtime-status] [15087] Found google-gax at /Users/i309795/Documents/GitHub/time_tracker_flutter_course/functions/node_modules/google-gax/build/src/index.js
[debug] [2020-03-21T13:10:43.791Z] [runtime-status] [15087] Outgoing network have been stubbed. [{"name":"http","status":"mocked"},{"name":"http","status":"mocked"},{"name":"https","status":"mocked"},{"name":"https","status":"mocked"},{"name":"net","status":"mocked"},{"name":"google-gax","status":"mocked"}]
[debug] [2020-03-21T13:10:43.837Z] [runtime-status] [15087] Checked functions.config() {"config":{}}
[debug] [2020-03-21T13:10:43.838Z] [runtime-status] [15087] Resolved module firebase-functions {"declared":true,"installed":true,"version":"3.3.0","resolution":"/Users/i309795/Documents/GitHub/time_tracker_flutter_course/functions/node_modules/firebase-functions/lib/index.js"}
[debug] [2020-03-21T13:10:43.839Z] [runtime-status] [15087] Resolved module firebase-admin {"declared":true,"installed":true,"version":"8.10.0","resolution":"/Users/i309795/Documents/GitHub/time_tracker_flutter_course/functions/node_modules/firebase-admin/lib/index.js"}
[debug] [2020-03-21T13:10:43.839Z] [runtime-status] [15087] Resolved module firebase-functions {"declared":true,"installed":true,"version":"3.3.0","resolution":"/Users/i309795/Documents/GitHub/time_tracker_flutter_course/functions/node_modules/firebase-functions/lib/index.js"}
[debug] [2020-03-21T13:10:43.906Z] [runtime-status] [15087] firebase-admin has been stubbed. {"adminResolution":{"declared":true,"installed":true,"version":"8.10.0","resolution":"/Users/i309795/Documents/GitHub/time_tracker_flutter_course/functions/node_modules/firebase-admin/lib/index.js"}}
[debug] [2020-03-21T13:10:43.908Z] [runtime-status] [15087] initializeApp(DEFAULT) {"databaseURL":"https://timetracker-9d0b4.firebaseio.com","storageBucket":"timetracker-9d0b4.appspot.com","projectId":"timetracker-9d0b4"}
[debug] [2020-03-21T13:10:43.955Z] Unsupported trigger: {"eventTrigger":{"resource":"projects/timetracker-9d0b4","eventType":"providers/firebase.auth/eventTypes/user.create","service":"firebaseauth.googleapis.com"},"name":"sendWelcomeEmail","entryPoint":"sendWelcomeEmail"}
[info] ✔  functions[helloWorld]: http function initialized (http://localhost:5001/timetracker-9d0b4/us-central1/helloWorld).
[info] ✔  functions[addMessage]: http function initialized (http://localhost:5001/timetracker-9d0b4/us-central1/addMessage).
[info] i  functions[sendWelcomeEmail]: function ignored because the auth emulator does not exist or is not running.
[info] ✔  emulators: All emulators started, it is now safe to connect.
[debug] [2020-03-21T13:10:43.957Z] [worker-~diagnostic~-56bc1949-f063-4508-9b62-1553e94f6063]: IDLE
[debug] [2020-03-21T13:23:39.222Z] File /Users/i309795/Documents/GitHub/time_tracker_flutter_course/functions/src/index.ts changed, reloading triggers
[debug] [2020-03-21T13:23:40.225Z] [worker-pool] Shutting down IDLE worker (~diagnostic~)
[debug] [2020-03-21T13:23:40.226Z] [worker-~diagnostic~-56bc1949-f063-4508-9b62-1553e94f6063]: FINISHING
[debug] [2020-03-21T13:23:40.231Z] [worker-pool] addWorker(~diagnostic~)
[debug] [2020-03-21T13:23:40.232Z] [worker-pool] Adding worker with key ~diagnostic~, total=2
[debug] [2020-03-21T13:23:40.232Z] [worker-pool] submitWork(triggerId=)
[debug] [2020-03-21T13:23:40.232Z] [worker-~diagnostic~-44018e20-fa70-4683-8f14-2c2b8fb1c518]: Assigning socketPath: /var/folders/5p/_czfkypd657bcsxdyjft0vjw0000gn/T/fire_emu_17296.sock
[debug] [2020-03-21T13:23:40.232Z] [worker-~diagnostic~-44018e20-fa70-4683-8f14-2c2b8fb1c518]: BUSY
[debug] [2020-03-21T13:23:40.236Z] [worker-~diagnostic~-56bc1949-f063-4508-9b62-1553e94f6063]: exited
[debug] [2020-03-21T13:23:40.236Z] [worker-~diagnostic~-56bc1949-f063-4508-9b62-1553e94f6063]: FINISHED
[debug] [2020-03-21T13:23:40.591Z] [runtime-status] [17296] Functions runtime initialized. {"cwd":"/Users/i309795/Documents/GitHub/time_tracker_flutter_course/functions","node_version":"12.13.1"}
[debug] [2020-03-21T13:23:40.592Z] [runtime-status] [17296] Disabled runtime features: undefined
[debug] [2020-03-21T13:23:40.594Z] [runtime-status] [17296] Resolved module firebase-admin {"declared":true,"installed":true,"version":"8.10.0","resolution":"/Users/i309795/Documents/GitHub/time_tracker_flutter_course/functions/node_modules/firebase-admin/lib/index.js"}
[debug] [2020-03-21T13:23:40.595Z] [runtime-status] [17296] Resolved module firebase-functions {"declared":true,"installed":true,"version":"3.3.0","resolution":"/Users/i309795/Documents/GitHub/time_tracker_flutter_course/functions/node_modules/firebase-functions/lib/index.js"}
[debug] [2020-03-21T13:23:40.860Z] [runtime-status] [17296] Found google-gax at /Users/i309795/Documents/GitHub/time_tracker_flutter_course/functions/node_modules/google-gax/build/src/index.js
[debug] [2020-03-21T13:23:40.861Z] [runtime-status] [17296] Outgoing network have been stubbed. [{"name":"http","status":"mocked"},{"name":"http","status":"mocked"},{"name":"https","status":"mocked"},{"name":"https","status":"mocked"},{"name":"net","status":"mocked"},{"name":"google-gax","status":"mocked"}]
[debug] [2020-03-21T13:23:40.904Z] [runtime-status] [17296] Checked functions.config() {"config":{}}
[debug] [2020-03-21T13:23:40.905Z] [runtime-status] [17296] Resolved module firebase-functions {"declared":true,"installed":true,"version":"3.3.0","resolution":"/Users/i309795/Documents/GitHub/time_tracker_flutter_course/functions/node_modules/firebase-functions/lib/index.js"}
[debug] [2020-03-21T13:23:40.906Z] [runtime-status] [17296] Resolved module firebase-admin {"declared":true,"installed":true,"version":"8.10.0","resolution":"/Users/i309795/Documents/GitHub/time_tracker_flutter_course/functions/node_modules/firebase-admin/lib/index.js"}
[debug] [2020-03-21T13:23:40.906Z] [runtime-status] [17296] Resolved module firebase-functions {"declared":true,"installed":true,"version":"3.3.0","resolution":"/Users/i309795/Documents/GitHub/time_tracker_flutter_course/functions/node_modules/firebase-functions/lib/index.js"}
[debug] [2020-03-21T13:23:40.964Z] [runtime-status] [17296] firebase-admin has been stubbed. {"adminResolution":{"declared":true,"installed":true,"version":"8.10.0","resolution":"/Users/i309795/Documents/GitHub/time_tracker_flutter_course/functions/node_modules/firebase-admin/lib/index.js"}}
[debug] [2020-03-21T13:23:40.966Z] [runtime-status] [17296] initializeApp(DEFAULT) {"databaseURL":"https://timetracker-9d0b4.firebaseio.com","storageBucket":"timetracker-9d0b4.appspot.com","projectId":"timetracker-9d0b4"}
[debug] [2020-03-21T13:23:41.007Z] [worker-~diagnostic~-44018e20-fa70-4683-8f14-2c2b8fb1c518]: IDLE
